android/build/intermediates/manifest_merge_blame_file/debug/manifest-merger-blame-debug-report.txt
1<?xml version="1.0" encoding="utf-8"?>
2<manifest xmlns:android="http://schemas.android.com/apk/res/android"
3    xmlns:tools="http://schemas.android.com/tools"
4    package="com.reactlibrary"
5    android:versionCode="1"
6    android:versionName="1.0" >
7
8    <uses-sdk
9        android:minSdkVersion="16"
9-->src/main/AndroidManifest.xml
10        android:targetSdkVersion="22" />
10-->src/main/AndroidManifest.xml
11
12    <uses-permission android:name="android.permission.INTERNET" />
12-->src/main/AndroidManifest.xml:4:11-73
12-->src/main/AndroidManifest.xml:4:28-70
13    <uses-permission android:name="android.permission.ACCESS_NETWORK_STATE" />
13-->src/main/AndroidManifest.xml:5:11-85
13-->src/main/AndroidManifest.xml:5:28-82
14
15    <application android:usesCleartextTraffic="true" >
15-->src/main/AndroidManifest.xml:8:7-19:19
15-->src/main/AndroidManifest.xml:8:20-55
16        <activity
16-->src/main/AndroidManifest.xml:9:7-18:20
17            android:name="com.reactlibrary.view.WebViewActivity"
17-->src/main/AndroidManifest.xml:10:13-49
18            android:exported="true"
18-->src/main/AndroidManifest.xml:11:13-36
19            android:launchMode="singleTask" >
19-->src/main/AndroidManifest.xml:12:13-44
20            <intent-filter tools:ignore="AppLinkUrlError" >
20-->src/main/AndroidManifest.xml:13:13-17:29
20-->src/main/AndroidManifest.xml:13:28-58
21                <action android:name="android.intent.action.VIEW" />
21-->src/main/AndroidManifest.xml:14:17-69
21-->src/main/AndroidManifest.xml:14:25-66
22
23                <category android:name="android.intent.category.DEFAULT" />
23-->src/main/AndroidManifest.xml:15:17-76
23-->src/main/AndroidManifest.xml:15:27-73
24                <category android:name="android.intent.category.BROWSABLE" />
24-->src/main/AndroidManifest.xml:16:17-78
24-->src/main/AndroidManifest.xml:16:27-75
25            </intent-filter>
26        </activity>
27    </application>
28
29</manifest><!--
30 <manifest xmlns:android="http://schemas.android.com/apk/res/android"
31          package="com.reactlibrary">
32
33
34
35</manifest>
36-->